2025-05-10 02:15:56,890 - semgrep.notifications - WARNING - METRICS: Using configs from the Registry (like --config=p/ci) reports pseudonymous rule metrics to semgrep.dev.
To disable Registry rule metrics, use "--metrics=off".
Using configs only from local files (like --config=xyz.yml) does not enable metrics.

More information: https://semgrep.dev/docs/metrics

2025-05-10 02:15:56,891 - semgrep.run_scan - DEBUG - semgrep version 1.2.0
2025-05-10 02:15:56,895 - semgrep.git - DEBUG - Failed to get project url from 'git ls-remote': Command failed with exit code: 128
-----
Command failed with output:
fatal: No remote configured to list refs from.


Failed to run 'git ls-remote --get-url'. Possible reasons:

- the git binary is not available
- the current working directory is not a git repository
- the baseline commit is not a parent of the current commit
    (if you are running through semgrep-app, check if you are setting `SEMGREP_BRANCH` or `SEMGREP_BASELINE_COMMIT` properly)
- the current working directory is not marked as safe
    (fix with `git config --global --add safe.directory $(pwd)`)

Try running the command yourself to debug the issue.
2025-05-10 02:15:56,896 - semgrep.config_resolver - DEBUG - Loading local config from /home/runner/workspace/.config/.semgrep/semgrep_rules.json
2025-05-10 02:15:56,898 - semgrep.config_resolver - DEBUG - Done loading local config from /home/runner/workspace/.config/.semgrep/semgrep_rules.json
2025-05-10 02:15:56,902 - semgrep.config_resolver - DEBUG - Saving rules to /tmp/semgrep-l3wc7q_4.rules
2025-05-10 02:15:57,190 - semgrep.semgrep_core - DEBUG - Failed to open resource semgrep-core-proprietary: [Errno 2] No such file or directory: '/tmp/_MEIN8SDpP/semgrep/bin/semgrep-core-proprietary'.
2025-05-10 02:15:57,928 - semgrep.rule_lang - DEBUG - semgrep-core validation response: valid=True
2025-05-10 02:15:57,929 - semgrep.rule_lang - DEBUG - semgrep-core validation succeeded
2025-05-10 02:15:57,929 - semgrep.rule_lang - DEBUG - RPC validation succeeded
2025-05-10 02:15:57,929 - semgrep.config_resolver - DEBUG - loaded 1 configs in 1.0330324172973633
2025-05-10 02:15:58,163 - semgrep.run_scan - VERBOSE - running 1250 rules from 1 config /home/runner/workspace/.config/.semgrep/semgrep_rules.json_0
2025-05-10 02:15:58,164 - semgrep.run_scan - VERBOSE - No .semgrepignore found. Using default .semgrepignore rules. See the docs for the list of default ignores: https://semgrep.dev/docs/cli-usage/#ignore-files
2025-05-10 02:15:58,166 - semgrep.run_scan - VERBOSE - Rules:
2025-05-10 02:15:58,166 - semgrep.run_scan - VERBOSE - <SKIPPED DATA (too many entries; use --max-log-list-entries)>
2025-05-10 02:15:58,629 - semgrep.core_runner - DEBUG - Passing whole rules directly to semgrep_core
2025-05-10 02:15:58,829 - semgrep.core_runner - DEBUG - Running Semgrep engine with command:
2025-05-10 02:15:58,829 - semgrep.core_runner - DEBUG - /tmp/_MEIN8SDpP/semgrep/bin/opengrep-core -json -rules /tmp/tmp05nxkizc.json -j 8 -targets /tmp/tmp5cb50bce -timeout 5 -timeout_threshold 3 -max_memory 0 -fast
2025-05-10 02:16:04,576 - semgrep.core_runner - DEBUG - --- semgrep-core stderr ---
[00.09][[34mINFO[0m]: Executed as: /tmp/_MEIN8SDpP/semgrep/bin/opengrep-core -json -rules /tmp/tmp05nxkizc.json -j 8 -targets /tmp/tmp5cb50bce -timeout 5 -timeout_threshold 3 -max_memory 0 -fast
[00.09][[34mINFO[0m]: Version: 1.2.0
[00.09][[34mINFO[0m]: Parsing rules in /tmp/tmp05nxkizc.json
[00.86][[34mINFO[0m]: scan: processing 323 files (skipping 0), with 487 rules (skipping 0 )
[05.70][[34mINFO[0m]: Custom ignore pattern: None
[05.70][[34mINFO[0m]: Custom ignore pattern: None
--- end semgrep-core stderr ---
2025-05-10 02:16:04,585 - semgrep.rule_match - DEBUG - match_key = ('', PosixPath('client/index.html'), 'config..semgrep.vendored-rules.html.security.audit.missing-integrity') match_id = 0ee74fd49637bebe183eca7188dbde26e386314e62cc2e7ba1ee60b377b638243fcd84e6c6fa04886198ccacfa6a711bfbcc61a28f9ddc913d5b3c53083cbc90_0
2025-05-10 02:16:04,586 - semgrep.rule_match - DEBUG - match_key = (' type="text/javascript" src="https://replit.com/public/js/replit-dev-banner.js" (?is).*integrity= (google-analytics\\.com|fonts\\.googleapis\\.com|fonts\\.gstatic\\.com|googletagmanager\\.com) .*rel\\s*=\\s*[\'"]?preconnect.* href="... :// ..." href="//..." href=\'... :// ...\' href=\'//...\' src="... :// ..." src="//..." src=\'... :// ...\' src=\'//...\' <link  type="text/javascript" src="https://replit.com/public/js/replit-dev-banner.js" > <script  type="text/javascript" src="https://replit.com/public/js/replit-dev-banner.js" >...</script>', PosixPath('client/index.html'), 'config..semgrep.vendored-rules.html.security.audit.missing-integrity') match_id = 0728b64e224596592d04447ba8a642ff94e1fb9fcc07be26d49dc7e7f6898e638ad16ffcaca086932c58f4c6400fe32603323afef02cf9bfebcb0e4a53562a40_0
2025-05-10 02:16:04,586 - semgrep.rule_match - DEBUG - match_key = (' type="text/javascript" src="https://replit.com/public/js/replit-dev-banner.js" (?is).*integrity= (google-analytics\\.com|fonts\\.googleapis\\.com|fonts\\.gstatic\\.com|googletagmanager\\.com) .*rel\\s*=\\s*[\'"]?preconnect.* href="... :// ..." href="//..." href=\'... :// ...\' href=\'//...\' src="... :// ..." src="//..." src=\'... :// ...\' src=\'//...\' <link  type="text/javascript" src="https://replit.com/public/js/replit-dev-banner.js" > <script  type="text/javascript" src="https://replit.com/public/js/replit-dev-banner.js" >...</script>', PosixPath('client/index.html'), 'config..semgrep.vendored-rules.html.security.audit.missing-integrity') match_id = 0728b64e224596592d04447ba8a642ff94e1fb9fcc07be26d49dc7e7f6898e638ad16ffcaca086932c58f4c6400fe32603323afef02cf9bfebcb0e4a53562a40_0
2025-05-10 02:16:04,587 - semgrep.rule_match - DEBUG - match_key = (' type="text/javascript" src="https://replit.com/public/js/replit-dev-banner.js" (?is).*integrity= (google-analytics\\.com|fonts\\.googleapis\\.com|fonts\\.gstatic\\.com|googletagmanager\\.com) .*rel\\s*=\\s*[\'"]?preconnect.* href="... :// ..." href="//..." href=\'... :// ...\' href=\'//...\' src="... :// ..." src="//..." src=\'... :// ...\' src=\'//...\' <link  type="text/javascript" src="https://replit.com/public/js/replit-dev-banner.js" > <script  type="text/javascript" src="https://replit.com/public/js/replit-dev-banner.js" >...</script>', PosixPath('client/index.html'), 'config..semgrep.vendored-rules.html.security.audit.missing-integrity') match_id = 0728b64e224596592d04447ba8a642ff94e1fb9fcc07be26d49dc7e7f6898e638ad16ffcaca086932c58f4c6400fe32603323afef02cf9bfebcb0e4a53562a40_0
2025-05-10 02:16:04,587 - semgrep.rule_match - DEBUG - match_key = ('', PosixPath('client/src/components/ui/sidebar.tsx'), 'config..semgrep.vendored-rules.javascript.browser.security.js-open-redirect-from-function') match_id = dd1bc098cdc9879ce9a4ab5558918e567775f4b83992b4a51332bed49697c9fb60388ff3e6c74feb5735770d4fe20b9d5e9734ff55ca5daa78fa9a1c8486a079_0
2025-05-10 02:16:04,588 - semgrep.rule_match - DEBUG - match_key = ('"..." + $VALUE\n `...${$VALUE}`\n href href location.href = href location.replace(href) this.location.href = href this.location.replace(href) this.window.location.href = href this.window.location.replace(href) window.location.href = href window.location.replace(href) {href href icon Icon children children className className...props}SidebarNavItemProps function ... (..., {href href icon Icon children children className className...props}SidebarNavItemProps, ...) { ... }\n', PosixPath('client/src/components/ui/sidebar.tsx'), 'config..semgrep.vendored-rules.javascript.browser.security.js-open-redirect-from-function') match_id = b3fda120009044f898c09b1447e5a803f32c0ad318a6c04e6dd6dc5bd26fccfb87214678995778170bc4e993859bd42ba5a09fed985dea1ea338236a2db65d3b_0
2025-05-10 02:16:04,588 - semgrep.rule_match - DEBUG - match_key = ('"..." + $VALUE\n `...${$VALUE}`\n href href location.href = href location.replace(href) this.location.href = href this.location.replace(href) this.window.location.href = href this.window.location.replace(href) window.location.href = href window.location.replace(href) {href href icon Icon children children className className...props}SidebarNavItemProps function ... (..., {href href icon Icon children children className className...props}SidebarNavItemProps, ...) { ... }\n', PosixPath('client/src/components/ui/sidebar.tsx'), 'config..semgrep.vendored-rules.javascript.browser.security.js-open-redirect-from-function') match_id = b3fda120009044f898c09b1447e5a803f32c0ad318a6c04e6dd6dc5bd26fccfb87214678995778170bc4e993859bd42ba5a09fed985dea1ea338236a2db65d3b_0
2025-05-10 02:16:04,589 - semgrep.rule_match - DEBUG - match_key = ('"..." + $VALUE\n `...${$VALUE}`\n href href location.href = href location.replace(href) this.location.href = href this.location.replace(href) this.window.location.href = href this.window.location.replace(href) window.location.href = href window.location.replace(href) {href href icon Icon children children className className...props}SidebarNavItemProps function ... (..., {href href icon Icon children children className className...props}SidebarNavItemProps, ...) { ... }\n', PosixPath('client/src/components/ui/sidebar.tsx'), 'config..semgrep.vendored-rules.javascript.browser.security.js-open-redirect-from-function') match_id = b3fda120009044f898c09b1447e5a803f32c0ad318a6c04e6dd6dc5bd26fccfb87214678995778170bc4e993859bd42ba5a09fed985dea1ea338236a2db65d3b_0
2025-05-10 02:16:04,592 - semgrep.core_runner - DEBUG - semgrep ran in 0:00:05.963409 on 109 files
2025-05-10 02:16:04,595 - semgrep.core_runner - DEBUG - findings summary: 1 warning, 0 error, 1 info
2025-05-10 02:16:04,599 - semgrep.app.auth - DEBUG - Getting API token from settings file
2025-05-10 02:16:04,600 - semgrep.app.auth - DEBUG - No API token found in settings file
2025-05-10 02:16:04,600 - semgrep.semgrep_core - DEBUG - Failed to open resource semgrep-core-proprietary: [Errno 2] No such file or directory: '/tmp/_MEIN8SDpP/semgrep/bin/semgrep-core-proprietary'.
2025-05-10 02:16:04,721 - semgrep.output - VERBOSE - 
========================================
Files skipped:
========================================

  Always skipped by Opengrep:

   • <none>

  Skipped by .gitignore:
  (Disable by passing --no-git-ignore)

   • <all files not listed by `git ls-files` were skipped>

  Skipped by .semgrepignore:
  - https://semgrep.dev/docs/ignoring-files-folders-code/#understand-semgrep-defaults

   • <none>

  Skipped by --include patterns:

   • <none>

  Skipped by --exclude patterns:

   • <none>

  Files skipped due to insufficient read permissions:

   • <none>

  Skipped by limiting to files smaller than 1000000 bytes:
  (Adjust with the --max-target-bytes flag)

   • <none>

  Partially analyzed due to parsing or internal Opengrep errors

   • tailwind.config.ts (1 lines skipped)

2025-05-10 02:16:04,723 - semgrep.output - INFO - Some files were skipped or only partially analyzed.
  Scan was limited to files tracked by git.
  Partially scanned: 1 files only partially analyzed due to parsing or internal Opengrep errors

Ran 443 rules on 109 files: 2 findings.
2025-05-10 02:16:04,723 - semgrep.app.version - DEBUG - Version cache does not exist
2025-05-10 02:16:04,747 - semgrep.metrics - VERBOSE - Not sending pseudonymous metrics since metrics are configured to OFF and registry usage is False
